        -:    0:Source:testa_string_soma.c
        -:    0:Graph:testa_string_soma.gcno
        -:    0:Data:testa_string_soma.gcda
        -:    0:Runs:1
        -:    0:Programs:1
        -:    1:/*! \file */
        -:    2:
        -:    3:#include "gtest/gtest.h"
        -:    4:#include "string_soma.h"
        -:    5:/**\Class testes
        -:    6:*\brief Função que descreve os testes 
        -:    7:*/
        -:    8:/** Testes baseados no documento de especificação
        -:    9:*/
        -:   10:
        5:   11:TEST (Calculadora_Trab1, 1_virg_2_ql){ 
        1:   12:	ASSERT_EQ (3, soma_string((char*)"1,2\n"));/**<Teste que verifica se está processando entradas de 2 numeros*/
        -:   13:}
        5:   14:TEST (Calculadora_Trab1, 3_virg_2_virg_1_ql){ 
        1:   15:	ASSERT_EQ (6, soma_string((char*)"3,2,1\n"));/**<Teste que verifica se está processando entradas de 3 numeros*/ 
        -:   16:}
        5:   17:TEST (Calculadora_Trab1, 1_virg_ql){ 
        1:   18:	ASSERT_EQ (-1, soma_string((char*)"1,\n"));/**<Teste que verifica se está invalidando delimitadores que nao possui numero consecutivo*/
        -:   19:}
        5:   20:TEST (Calculadora_Trab1, virg_2_ql){ 
        1:   21:	ASSERT_EQ (-1, soma_string((char*)",2\n"));/**<Teste que verifica se está invalidando delimitadores que nao possui numero anterior a ele*/
        -:   22:}
        5:   23:TEST (Calculadora_Trab1, 1_2virg_2_ql){ 
        1:   24:	ASSERT_EQ (-1, soma_string((char*)"1,,2\n"));/**<Teste que verifica se está invalidando a fata de um numero entre dois delimitadores*/
        -:   25:}
        5:   26:TEST (Calculadora_Trab1, virg_ql){ 
        1:   27:	ASSERT_EQ (-1, soma_string((char*)",\n"));/**<Teste que verifica se está invalidando delimitadores sem numero posterior ou anterior*/
        -:   28:}
        5:   29:TEST (Calculadora_Trab1, 1_dotvirg_2_ql){ 
        1:   30:	ASSERT_EQ (-1, soma_string((char*)"1;2\n"));/**<Teste que verifica se está invalidando caracteres estranhos*/
        -:   31:}
        5:   32:TEST (Calculadora_Trab1, 1_virg_2){ 
        1:   33:	ASSERT_EQ (-1, soma_string((char*)"1,2"));/**<Teste que verifica se está invalidando a falta de quebra de linha ao final*/
        -:   34:}
        5:   35:TEST (Calculadora_Trab1, 1_virg_2_ql_sp){ 
        1:   36:	ASSERT_EQ (-1, soma_string((char*)"1,2\n "));/**<Teste que verifica se está processando todos os caracteres fornecidos*/
        -:   37:}
        5:   38:TEST (Calculadora_Trab1, 1_ql_virg_2_ql){ 
        1:   39:	ASSERT_EQ (3, soma_string((char*)"1\n,2\n"));/**<Teste que verifica se está ignorando as quebras de linhas no processamento da soma (1)*/
        -:   40:}
        5:   41:TEST (Calculadora_Trab1, 1_ql_ql_ql_virg_4_ql){ 
        1:   42:	ASSERT_EQ (5, soma_string((char*)"1\n\n\n,4\n"));/**<Teste que verifica se está ignorando as quebras de linhas no processamento da soma(2)*/
        -:   43:}
        5:   44:TEST (Calculadora_Trab1, 1_ql_ql_ql_virg_ql_ql_ql_3_ql){ 
        1:   45:	ASSERT_EQ (4, soma_string((char*)"1\n\n\n,\n\n\n3\n"));/**<Teste que verifica se está ignorando as quebras de linhas no processamento da soma(3)*/ 
        -:   46:}
        5:   47:TEST (Calculadora_Trab1, 1_virg_2_virg_3_virg_4_ql){ 
        1:   48:	ASSERT_EQ (-1, soma_string((char*)"1,2,3,4\n"));/**<Teste que verifica se está invalidando mais do que 3 numeros por linha*/
        -:   49:}
        5:   50:TEST (Calculadora_Trab1, 1_virg_2_virg_3_ql_virg_4_ql){ 
        1:   51:	ASSERT_EQ (10, soma_string((char*)"1,2,3\n,4\n"));/**<Teste que verifica se está processando as quebras de linhas na contagem de inteiros por linha*/
        -:   52:}
        5:   53:TEST (Calculadora_Trab1, 1_virg_neg_virg_3_ql){ 
        1:   54:	ASSERT_EQ (-1, soma_string((char*)"1,-2,3\n"));/**<Teste que verifica se está invalidando numeros negativos*/
        -:   55:}
        5:   56:TEST (Calculadora_Trab1, 3_virg_2000_ql){ 
        1:   57:	ASSERT_EQ (-1, soma_string((char*)"3,2000\n"));/**<Teste que verifica se está invalidando numeros maiores que 1000*/
        -:   58:}
        5:   59:TEST (Calculadora_Trab1, 1_virg_1000_virg_3_ql){ 
        1:   60:	ASSERT_EQ (1004, soma_string((char*)"1,1000,3\n"));/**<Teste que verifica se está processando numeros até 1000*/
        -:   61:}
        -:   62:
        5:   63:TEST (Calculadora_Trab1, del_ql_2_del_3_ql){ 
        1:   64:	ASSERT_EQ (5, soma_string((char*)"//[;]\n2;3\n"));/**<Teste que verifica se está processando a inclusao de um único delimitador de tamanho 1*/
        -:   65:}
        5:   66:TEST (Calculadora_Trab1, del_2_del_3_del_4_ql){ 
        1:   67:	ASSERT_EQ (-1, soma_string((char*)"//[***]2***3***4\n"));/**<Teste que verifica se está processando a inclusao de um único delimitador de qualquer tamanho*/
        -:   68:}
        5:   69:TEST (Calculadora_Trab1, del1_del2_ql_2_del1_1_del2_3_ql){ 
        1:   70:	ASSERT_EQ (6, soma_string((char*)"//[**][%%%]\n2**1%%%3\n"));/**<Teste que verifica se está processando a inclusao de mais de um delimitador de tamanho qualquer*/
        -:   71:}
        -:   72:
        -:   73:/**\Class testes_unit
        -:   74:		Testes de desenvolvimento
        -:   75:*/
        -:   76:
        5:   77:TEST (Calculadora_Trab1, 21_virg_12_ql){ 
        1:   78:	ASSERT_EQ (33, soma_string((char*)"21,12\n"));/**<Teste que verifica se está processando a soma de inteiros com 2 casas*/
        -:   79:}
        5:   80:TEST (Calculadora_Trab1, sp_21_virg_12_ql){ 
        1:   81:	ASSERT_EQ (-1, soma_string((char*)" 21,12\n"));/**<Teste que verifica se está processando caracteres invalidos antes da sentença*/
        -:   82:}
        5:   83:TEST (Calculadora_Trab1, 21_sp_virg_12_ql){ 
        1:   84:	ASSERT_EQ (-1, soma_string((char*)"21 ,12\n"));/**<Teste que verifica se está processando caracteres invalidos antes de um delimitador*/
        -:   85:}
        5:   86:TEST (Calculadora_Trab1, 21_virg_sp_12_ql){ 
        1:   87:	ASSERT_EQ (-1, soma_string((char*)"21, 12\n"));/**<Teste que verifica se está processando caracteres invalidos depois de um delimitador*/
        -:   88:}
        5:   89:TEST (Calculadora_Trab1, del1_del2_ql_2_INV_1_INV_3_ql){ 
        1:   90:	ASSERT_EQ (-1, soma_string((char*)"//[**][%%%]\n2***1%%3\n"));/**<Teste que verifica se está invalidando palavras que se parecem com delimitadores**/
        -:   91:}
        5:   92:TEST (Calculadora_Trab1, del1_del2_ql_2_del1_1_INV_3_ql){ 
        1:   93:	ASSERT_EQ (-1, soma_string((char*)"//[**][%%]\n2**1%3\n"));/**<Teste que verifica se está invalidando uma palavra que se parece com delimitador mas não o é*/
        -:   94:}
        5:   95:TEST (Calculadora_Trab1, del_ql_2_del_3_del_4_del_5_ql){ 
        1:   96:	ASSERT_EQ (-1, soma_string((char*)"//[;]\n2;3;4;5\n"));/**<Teste que verifica se o processamento dos delimitadores é independente da contagem de inteiros por linha (1)*/
        -:   97:}
        5:   98:TEST (Calculadora_Trab1, del_ql_2_del_3_ql_del_4_del_5_ql){ 
        1:   99:	ASSERT_EQ (14, soma_string((char*)"//[;]\n2;3\n;4;5\n"));/**<Teste que verifica se o processamento dos delimitadores é independente da contagem de inteiros por linha(2)*/
        -:  100:}
        5:  101:TEST (Calculadora_Trab1, del_ql_2_del_3_del){ 
        1:  102:	ASSERT_EQ (-1, soma_string((char*)"//[;]\n2;3;"));/**<Teste que verifica se o processamento dos delimitadores é independente do processamento da quebra de linha*/
        -:  103:}
        5:  104:TEST (Calculadora_Trab1, del_ql_1_del_2_ql){ 
        1:  105:	ASSERT_EQ (3, soma_string((char*)"//[**]\n1**2\n"));/**<Teste que verifica o processamento de apenas um delimitador*/
        -:  106:}
        5:  107:TEST (Calculadora_Trab1, INVALID){ 
        1:  108:	ASSERT_EQ (-1, soma_string((char*)"//[**\n1**2\n"));/**<Teste que verifica se a sentença de inscrição de delimitadores esta completa*/
        -:  109:}
        -:  110:
        1:  111:int main(int argc, char **argv) {
        1:  112:  ::testing::InitGoogleTest(&argc, argv);
        1:  113:  return RUN_ALL_TESTS();
        3:  114:}
